<?xml version="1.0" encoding="UTF-8"?>
<!-- Generated by org.testng.reporters.JUnitReportReporter -->
<testsuite hostname="DESKTOP-95GUOUG" failures="0" tests="3" name="firsttestngpackage.Day3" time="0.008" errors="0" timestamp="2023-04-13T18:16:50 IST" skipped="0">
  <testcase classname="firsttestngpackage.Day3" name="loginAPIHomeLoan" time="0.003"/>
  <system-out/>
  <testcase classname="firsttestngpackage.Day3" name="webLoginHomeLoan" time="0.003"/>
  <system-out/>
  <testcase classname="firsttestngpackage.Day3" name="mobileLoginHomeLoan" time="0.002"/>
  <system-out/>
</testsuite> <!-- firsttestngpackage.Day3 -->
