<?xml version="1.0" encoding="UTF-8"?>
<!-- Generated by org.testng.reporters.JUnitReportReporter -->
<testsuite hostname="DESKTOP-95GUOUG" failures="0" tests="6" name="firsttestngpackage.Day4" time="0.027" errors="0" timestamp="2023-04-13T18:16:50 IST" skipped="1">
  <testcase classname="firsttestngpackage.Day4" name="mobileLoginCarLoan" time="0.004"/>
  <system-out/>
  <testcase classname="firsttestngpackage.Day4" name="mobileLoginCarLoan" time="0.012"/>
  <system-out/>
  <testcase classname="firsttestngpackage.Day4" name="webLoginCarLoan" time="0.003"/>
  <system-out/>
  <testcase classname="firsttestngpackage.Day4" name="mobileLoginCarLoan" time="0.005"/>
  <system-out/>
  <testcase classname="firsttestngpackage.Day4" name="mobileSignOutCarLoan" time="0.003"/>
  <system-out/>
  <testcase classname="firsttestngpackage.Day4" name="mobileSignInCarLoan">
    <skipped/>
  </testcase> <!-- mobileSignInCarLoan -->
  <system-out/>
</testsuite> <!-- firsttestngpackage.Day4 -->
