<?xml version="1.0" encoding="UTF-8"?>
<!-- Generated by org.testng.reporters.JUnitReportReporter -->
<testsuite hostname="DESKTOP-95GUOUG" failures="0" tests="1" name="firsttestngpackage.Day2" time="0.003" errors="0" timestamp="2023-04-13T18:16:50 IST" skipped="0">
  <testcase classname="firsttestngpackage.Day2" name="demo" time="0.003"/>
  <system-out/>
</testsuite> <!-- firsttestngpackage.Day2 -->
